{"/Users/benji/Desktop/vinco/vinco-client/src/pages/_app.tsx": {"path":"/Users/benji/Desktop/vinco/vinco-client/src/pages/_app.tsx","statementMap":{"0":{"start":{"line":6,"column":2},"end":{"line":6,"column":38}}},"fnMap":{"0":{"name":"MyApp","decl":{"start":{"line":5,"column":9},"end":{"line":5,"column":14}},"loc":{"start":{"line":5,"column":64},"end":{"line":7,"column":1}},"line":5}},"branchMap":{},"s":{"0":0},"f":{"0":0},"b":{}}
,"/Users/benji/Desktop/vinco/vinco-client/src/pages/index.tsx": {"path":"/Users/benji/Desktop/vinco/vinco-client/src/pages/index.tsx","statementMap":{"0":{"start":{"line":9,"column":23},"end":{"line":20,"column":1}},"1":{"start":{"line":10,"column":2},"end":{"line":19,"column":4}},"2":{"start":{"line":22,"column":46},"end":{"line":26,"column":1}},"3":{"start":{"line":23,"column":2},"end":{"line":25,"column":4}}},"fnMap":{"0":{"name":"(anonymous_0)","decl":{"start":{"line":9,"column":23},"end":{"line":9,"column":24}},"loc":{"start":{"line":9,"column":46},"end":{"line":20,"column":1}},"line":9},"1":{"name":"(anonymous_1)","decl":{"start":{"line":22,"column":46},"end":{"line":22,"column":47}},"loc":{"start":{"line":22,"column":58},"end":{"line":26,"column":1}},"line":22}},"branchMap":{},"s":{"0":1,"1":1,"2":1,"3":0},"f":{"0":1,"1":0},"b":{},"_coverageSchema":"1a1c01bbd47fc00a2c39e90264f33305004495a9","hash":"07b8ff2d4169a066ee141bcea8ecc2937a005498"}
,"/Users/benji/Desktop/vinco/vinco-client/src/pages/api/home.ts": {"path":"/Users/benji/Desktop/vinco/vinco-client/src/pages/api/home.ts","statementMap":{"0":{"start":{"line":11,"column":2},"end":{"line":11,"column":23}},"1":{"start":{"line":12,"column":2},"end":{"line":12,"column":41}}},"fnMap":{"0":{"name":"(anonymous_0)","decl":{"start":{"line":7,"column":15},"end":{"line":7,"column":16}},"loc":{"start":{"line":10,"column":20},"end":{"line":13,"column":1}},"line":10}},"branchMap":{},"s":{"0":1,"1":1},"f":{"0":1},"b":{},"_coverageSchema":"1a1c01bbd47fc00a2c39e90264f33305004495a9","hash":"b40aa7725f44c624f24254fa83a75da4cf6b5aa0"}
,"/Users/benji/Desktop/vinco/vinco-client/src/utils/Logger.ts": {"path":"/Users/benji/Desktop/vinco/vinco-client/src/utils/Logger.ts","statementMap":{"0":{"start":{"line":3,"column":21},"end":{"line":7,"column":1}},"1":{"start":{"line":10,"column":17},"end":{"line":15,"column":1}},"2":{"start":{"line":11,"column":2},"end":{"line":14,"column":5}},"3":{"start":{"line":17,"column":39},"end":{"line":17,"column":53}},"4":{"start":{"line":18,"column":20},"end":{"line":22,"column":2}},"5":{"start":{"line":19,"column":17},"end":{"line":19,"column":26}},"6":{"start":{"line":20,"column":2},"end":{"line":20,"column":55}},"7":{"start":{"line":21,"column":2},"end":{"line":21,"column":88}},"8":{"start":{"line":24,"column":15},"end":{"line":30,"column":2}},"9":{"start":{"line":32,"column":16},"end":{"line":37,"column":1}},"10":{"start":{"line":39,"column":0},"end":{"line":41,"column":1}},"11":{"start":{"line":40,"column":2},"end":{"line":40,"column":61}},"12":{"start":{"line":43,"column":0},"end":{"line":43,"column":36}},"13":{"start":{"line":44,"column":22},"end":{"line":44,"column":28}}},"fnMap":{"0":{"name":"(anonymous_0)","decl":{"start":{"line":10,"column":17},"end":{"line":10,"column":18}},"loc":{"start":{"line":10,"column":31},"end":{"line":15,"column":1}},"line":10},"1":{"name":"(anonymous_1)","decl":{"start":{"line":18,"column":27},"end":{"line":18,"column":28}},"loc":{"start":{"line":18,"column":32},"end":{"line":22,"column":1}},"line":18}},"branchMap":{"0":{"loc":{"start":{"line":4,"column":7},"end":{"line":4,"column":44}},"type":"binary-expr","locations":[{"start":{"line":4,"column":7},"end":{"line":4,"column":27}},{"start":{"line":4,"column":31},"end":{"line":4,"column":44}}],"line":4},"1":{"loc":{"start":{"line":5,"column":9},"end":{"line":5,"column":36}},"type":"binary-expr","locations":[{"start":{"line":5,"column":9},"end":{"line":5,"column":26}},{"start":{"line":5,"column":30},"end":{"line":5,"column":36}}],"line":5},"2":{"loc":{"start":{"line":6,"column":15},"end":{"line":6,"column":57}},"type":"binary-expr","locations":[{"start":{"line":6,"column":15},"end":{"line":6,"column":39}},{"start":{"line":6,"column":43},"end":{"line":6,"column":57}}],"line":6},"3":{"loc":{"start":{"line":20,"column":13},"end":{"line":20,"column":54}},"type":"cond-expr","locations":[{"start":{"line":20,"column":24},"end":{"line":20,"column":49}},{"start":{"line":20,"column":52},"end":{"line":20,"column":54}}],"line":20},"4":{"loc":{"start":{"line":39,"column":0},"end":{"line":41,"column":1}},"type":"if","locations":[{"start":{"line":39,"column":0},"end":{"line":41,"column":1}},{"start":{},"end":{}}],"line":39}},"s":{"0":1,"1":1,"2":0,"3":1,"4":1,"5":0,"6":0,"7":0,"8":1,"9":1,"10":1,"11":1,"12":1,"13":1},"f":{"0":0,"1":0},"b":{"0":[1,0],"1":[1,1],"2":[1,1],"3":[0,0],"4":[1,0]},"_coverageSchema":"1a1c01bbd47fc00a2c39e90264f33305004495a9","hash":"9179fe673002833e0c877387b7223bbdbe14cd78"}
,"/Users/benji/Desktop/vinco/vinco-client/src/utils/LoggerBrowser.ts": {"path":"/Users/benji/Desktop/vinco/vinco-client/src/utils/LoggerBrowser.ts","statementMap":{"0":{"start":{"line":3,"column":4},"end":{"line":3,"column":41}},"1":{"start":{"line":7,"column":4},"end":{"line":7,"column":41}},"2":{"start":{"line":11,"column":4},"end":{"line":11,"column":42}}},"fnMap":{"0":{"name":"(anonymous_0)","decl":{"start":{"line":2,"column":2},"end":{"line":2,"column":3}},"loc":{"start":{"line":2,"column":56},"end":{"line":4,"column":3}},"line":2},"1":{"name":"(anonymous_1)","decl":{"start":{"line":6,"column":2},"end":{"line":6,"column":3}},"loc":{"start":{"line":6,"column":56},"end":{"line":8,"column":3}},"line":6},"2":{"name":"(anonymous_2)","decl":{"start":{"line":10,"column":2},"end":{"line":10,"column":3}},"loc":{"start":{"line":10,"column":57},"end":{"line":12,"column":3}},"line":10}},"branchMap":{},"s":{"0":1,"1":1,"2":1},"f":{"0":1,"1":1,"2":1},"b":{},"_coverageSchema":"1a1c01bbd47fc00a2c39e90264f33305004495a9","hash":"d7ca2b135a69ab74755d6333e93eb1f422c62c3c"}
,"/Users/benji/Desktop/vinco/vinco-client/src/utils/index.ts": {"path":"/Users/benji/Desktop/vinco/vinco-client/src/utils/index.ts","statementMap":{},"fnMap":{},"branchMap":{},"s":{},"f":{},"b":{}}
}
